2020-10-31 23:19:06,575:INFO: Loading the datasets...
2020-10-31 23:19:09,943:INFO: - done.
2020-10-31 23:19:12,563:INFO: Starting training for 100 epoch(s)
2020-10-31 23:19:12,563:INFO: Epoch 1/100
2020-10-31 23:19:44,939:INFO: - Train metrics: accuracy: 0.589 ; loss: 0.687
2020-10-31 23:19:46,475:INFO: - Eval metrics : accuracy: 0.719 ; loss: 0.609
2020-10-31 23:19:46,580:INFO: - Found new best accuracy
2020-10-31 23:19:46,584:INFO: Epoch 2/100
2020-10-31 23:20:18,103:INFO: - Train metrics: accuracy: 0.621 ; loss: 0.637
2020-10-31 23:20:19,584:INFO: - Eval metrics : accuracy: 0.760 ; loss: 0.549
2020-10-31 23:20:19,689:INFO: - Found new best accuracy
2020-10-31 23:20:19,689:INFO: Epoch 3/100
2020-10-31 23:20:51,024:INFO: - Train metrics: accuracy: 0.817 ; loss: 0.516
2020-10-31 23:20:52,505:INFO: - Eval metrics : accuracy: 0.779 ; loss: 0.617
2020-10-31 23:20:52,578:INFO: - Found new best accuracy
2020-10-31 23:20:52,578:INFO: Epoch 4/100
2020-10-31 23:21:23,865:INFO: - Train metrics: accuracy: 0.804 ; loss: 0.481
2020-10-31 23:21:25,347:INFO: - Eval metrics : accuracy: 0.789 ; loss: 0.484
2020-10-31 23:21:25,426:INFO: - Found new best accuracy
2020-10-31 23:21:25,427:INFO: Epoch 5/100
2020-10-31 23:21:57,477:INFO: - Train metrics: accuracy: 0.750 ; loss: 0.539
2020-10-31 23:21:58,971:INFO: - Eval metrics : accuracy: 0.789 ; loss: 0.595
2020-10-31 23:21:59,033:INFO: Epoch 6/100
2020-10-31 23:22:30,207:INFO: - Train metrics: accuracy: 0.772 ; loss: 0.533
2020-10-31 23:22:31,701:INFO: - Eval metrics : accuracy: 0.804 ; loss: 0.629
2020-10-31 23:22:31,867:INFO: - Found new best accuracy
2020-10-31 23:22:31,868:INFO: Epoch 7/100
2020-10-31 23:23:03,593:INFO: - Train metrics: accuracy: 0.737 ; loss: 0.517
2020-10-31 23:23:05,075:INFO: - Eval metrics : accuracy: 0.815 ; loss: 0.650
2020-10-31 23:23:05,158:INFO: - Found new best accuracy
2020-10-31 23:23:05,158:INFO: Epoch 8/100
2020-10-31 23:23:36,602:INFO: - Train metrics: accuracy: 0.835 ; loss: 0.431
2020-10-31 23:23:38,086:INFO: - Eval metrics : accuracy: 0.781 ; loss: 0.782
2020-10-31 23:23:38,138:INFO: Epoch 9/100
2020-10-31 23:24:10,067:INFO: - Train metrics: accuracy: 0.821 ; loss: 0.485
2020-10-31 23:24:11,620:INFO: - Eval metrics : accuracy: 0.783 ; loss: 0.778
2020-10-31 23:24:11,691:INFO: Epoch 10/100
2020-10-31 23:24:43,368:INFO: - Train metrics: accuracy: 0.763 ; loss: 0.452
2020-10-31 23:24:44,862:INFO: - Eval metrics : accuracy: 0.807 ; loss: 0.655
2020-10-31 23:24:44,922:INFO: Epoch 11/100
2020-10-31 23:25:16,136:INFO: - Train metrics: accuracy: 0.812 ; loss: 0.412
2020-10-31 23:25:17,619:INFO: - Eval metrics : accuracy: 0.794 ; loss: 0.960
2020-10-31 23:25:17,707:INFO: Epoch 12/100
2020-10-31 23:25:49,264:INFO: - Train metrics: accuracy: 0.790 ; loss: 0.482
2020-10-31 23:25:50,745:INFO: - Eval metrics : accuracy: 0.802 ; loss: 0.631
2020-10-31 23:25:50,805:INFO: Epoch 13/100
2020-10-31 23:26:22,623:INFO: - Train metrics: accuracy: 0.817 ; loss: 0.465
2020-10-31 23:26:24,119:INFO: - Eval metrics : accuracy: 0.829 ; loss: 0.581
2020-10-31 23:26:24,202:INFO: - Found new best accuracy
2020-10-31 23:26:24,203:INFO: Epoch 14/100
2020-10-31 23:26:55,678:INFO: - Train metrics: accuracy: 0.853 ; loss: 0.395
2020-10-31 23:26:57,161:INFO: - Eval metrics : accuracy: 0.828 ; loss: 0.604
2020-10-31 23:26:57,235:INFO: Epoch 15/100
2020-10-31 23:27:28,840:INFO: - Train metrics: accuracy: 0.821 ; loss: 0.468
2020-10-31 23:27:30,333:INFO: - Eval metrics : accuracy: 0.820 ; loss: 0.735
2020-10-31 23:27:30,389:INFO: Epoch 16/100
2020-10-31 23:28:01,967:INFO: - Train metrics: accuracy: 0.826 ; loss: 0.422
2020-10-31 23:28:03,450:INFO: - Eval metrics : accuracy: 0.797 ; loss: 0.738
2020-10-31 23:28:03,524:INFO: Epoch 17/100
2020-10-31 23:28:34,765:INFO: - Train metrics: accuracy: 0.804 ; loss: 0.456
2020-10-31 23:28:36,246:INFO: - Eval metrics : accuracy: 0.833 ; loss: 0.942
2020-10-31 23:28:36,326:INFO: - Found new best accuracy
2020-10-31 23:28:36,327:INFO: Epoch 18/100
2020-10-31 23:29:07,709:INFO: - Train metrics: accuracy: 0.835 ; loss: 0.389
2020-10-31 23:29:09,453:INFO: - Eval metrics : accuracy: 0.830 ; loss: 0.674
2020-10-31 23:29:09,518:INFO: Epoch 19/100
2020-10-31 23:29:40,895:INFO: - Train metrics: accuracy: 0.826 ; loss: 0.422
2020-10-31 23:29:42,376:INFO: - Eval metrics : accuracy: 0.849 ; loss: 0.672
2020-10-31 23:29:42,449:INFO: - Found new best accuracy
2020-10-31 23:29:42,450:INFO: Epoch 20/100
2020-10-31 23:30:13,470:INFO: - Train metrics: accuracy: 0.853 ; loss: 0.336
2020-10-31 23:30:14,951:INFO: - Eval metrics : accuracy: 0.809 ; loss: 0.915
2020-10-31 23:30:15,079:INFO: Epoch 21/100
2020-10-31 23:30:46,810:INFO: - Train metrics: accuracy: 0.857 ; loss: 0.383
2020-10-31 23:30:48,294:INFO: - Eval metrics : accuracy: 0.858 ; loss: 0.756
2020-10-31 23:30:48,391:INFO: - Found new best accuracy
2020-10-31 23:30:48,392:INFO: Epoch 22/100
2020-10-31 23:31:20,054:INFO: - Train metrics: accuracy: 0.862 ; loss: 0.336
2020-10-31 23:31:21,607:INFO: - Eval metrics : accuracy: 0.860 ; loss: 0.782
2020-10-31 23:31:21,695:INFO: - Found new best accuracy
2020-10-31 23:31:21,696:INFO: Epoch 23/100
2020-10-31 23:31:53,167:INFO: - Train metrics: accuracy: 0.804 ; loss: 0.460
2020-10-31 23:31:54,647:INFO: - Eval metrics : accuracy: 0.858 ; loss: 0.850
2020-10-31 23:31:54,718:INFO: Epoch 24/100
2020-10-31 23:32:26,246:INFO: - Train metrics: accuracy: 0.893 ; loss: 0.351
2020-10-31 23:32:27,728:INFO: - Eval metrics : accuracy: 0.855 ; loss: 0.816
2020-10-31 23:32:27,792:INFO: Epoch 25/100
2020-10-31 23:32:59,559:INFO: - Train metrics: accuracy: 0.835 ; loss: 0.349
2020-10-31 23:33:01,055:INFO: - Eval metrics : accuracy: 0.856 ; loss: 0.857
2020-10-31 23:33:01,127:INFO: Epoch 26/100
2020-10-31 23:33:32,225:INFO: - Train metrics: accuracy: 0.853 ; loss: 0.368
2020-10-31 23:33:33,706:INFO: - Eval metrics : accuracy: 0.857 ; loss: 0.789
2020-10-31 23:33:33,775:INFO: Epoch 27/100
2020-10-31 23:34:05,026:INFO: - Train metrics: accuracy: 0.844 ; loss: 0.357
2020-10-31 23:34:06,522:INFO: - Eval metrics : accuracy: 0.863 ; loss: 0.733
2020-10-31 23:34:06,614:INFO: - Found new best accuracy
2020-10-31 23:34:06,615:INFO: Epoch 28/100
2020-10-31 23:34:37,824:INFO: - Train metrics: accuracy: 0.812 ; loss: 0.464
2020-10-31 23:34:39,737:INFO: - Eval metrics : accuracy: 0.863 ; loss: 0.817
2020-10-31 23:34:39,817:INFO: - Found new best accuracy
2020-10-31 23:34:39,818:INFO: Epoch 29/100
2020-10-31 23:35:11,531:INFO: - Train metrics: accuracy: 0.862 ; loss: 0.366
2020-10-31 23:35:13,012:INFO: - Eval metrics : accuracy: 0.862 ; loss: 0.734
2020-10-31 23:35:13,072:INFO: Epoch 30/100
2020-10-31 23:35:44,705:INFO: - Train metrics: accuracy: 0.866 ; loss: 0.332
2020-10-31 23:35:46,185:INFO: - Eval metrics : accuracy: 0.859 ; loss: 0.834
2020-10-31 23:35:46,246:INFO: Epoch 31/100
2020-10-31 23:36:17,961:INFO: - Train metrics: accuracy: 0.884 ; loss: 0.319
2020-10-31 23:36:19,443:INFO: - Eval metrics : accuracy: 0.862 ; loss: 0.684
2020-10-31 23:36:19,517:INFO: Epoch 32/100
2020-10-31 23:36:51,515:INFO: - Train metrics: accuracy: 0.857 ; loss: 0.359
2020-10-31 23:36:53,013:INFO: - Eval metrics : accuracy: 0.861 ; loss: 0.725
2020-10-31 23:36:53,071:INFO: Epoch 33/100
2020-10-31 23:37:24,748:INFO: - Train metrics: accuracy: 0.862 ; loss: 0.350
2020-10-31 23:37:26,228:INFO: - Eval metrics : accuracy: 0.863 ; loss: 0.831
2020-10-31 23:37:26,318:INFO: Epoch 34/100
2020-10-31 23:37:58,206:INFO: - Train metrics: accuracy: 0.835 ; loss: 0.365
2020-10-31 23:37:59,750:INFO: - Eval metrics : accuracy: 0.862 ; loss: 0.756
2020-10-31 23:37:59,814:INFO: Epoch 35/100
2020-10-31 23:38:31,232:INFO: - Train metrics: accuracy: 0.893 ; loss: 0.284
2020-10-31 23:38:32,725:INFO: - Eval metrics : accuracy: 0.864 ; loss: 0.771
2020-10-31 23:38:32,829:INFO: - Found new best accuracy
2020-10-31 23:38:32,830:INFO: Epoch 36/100
2020-10-31 23:39:04,394:INFO: - Train metrics: accuracy: 0.875 ; loss: 0.302
2020-10-31 23:39:05,877:INFO: - Eval metrics : accuracy: 0.865 ; loss: 0.763
2020-10-31 23:39:05,962:INFO: - Found new best accuracy
2020-10-31 23:39:05,962:INFO: Epoch 37/100
2020-10-31 23:39:37,201:INFO: - Train metrics: accuracy: 0.848 ; loss: 0.358
2020-10-31 23:39:38,696:INFO: - Eval metrics : accuracy: 0.861 ; loss: 0.789
2020-10-31 23:39:38,760:INFO: Epoch 38/100
2020-10-31 23:40:09,719:INFO: - Train metrics: accuracy: 0.879 ; loss: 0.291
2020-10-31 23:40:11,200:INFO: - Eval metrics : accuracy: 0.862 ; loss: 0.837
2020-10-31 23:40:11,288:INFO: Epoch 39/100
2020-10-31 23:40:42,234:INFO: - Train metrics: accuracy: 0.862 ; loss: 0.323
2020-10-31 23:40:43,733:INFO: - Eval metrics : accuracy: 0.852 ; loss: 0.917
2020-10-31 23:40:43,798:INFO: Epoch 40/100
2020-10-31 23:41:14,918:INFO: - Train metrics: accuracy: 0.848 ; loss: 0.319
2020-10-31 23:41:16,401:INFO: - Eval metrics : accuracy: 0.865 ; loss: 0.809
2020-10-31 23:41:16,482:INFO: - Found new best accuracy
2020-10-31 23:41:16,483:INFO: Epoch 41/100
2020-10-31 23:41:47,728:INFO: - Train metrics: accuracy: 0.835 ; loss: 0.353
2020-10-31 23:41:49,225:INFO: - Eval metrics : accuracy: 0.861 ; loss: 0.882
2020-10-31 23:41:49,290:INFO: Epoch 42/100
2020-10-31 23:42:20,456:INFO: - Train metrics: accuracy: 0.884 ; loss: 0.279
2020-10-31 23:42:21,941:INFO: - Eval metrics : accuracy: 0.864 ; loss: 0.874
2020-10-31 23:42:22,021:INFO: Epoch 43/100
2020-10-31 23:42:53,223:INFO: - Train metrics: accuracy: 0.897 ; loss: 0.303
2020-10-31 23:42:54,720:INFO: - Eval metrics : accuracy: 0.863 ; loss: 0.843
2020-10-31 23:42:54,786:INFO: Epoch 44/100
2020-10-31 23:43:25,887:INFO: - Train metrics: accuracy: 0.888 ; loss: 0.265
2020-10-31 23:43:27,368:INFO: - Eval metrics : accuracy: 0.865 ; loss: 0.862
2020-10-31 23:43:27,441:INFO: Epoch 45/100
2020-10-31 23:43:58,334:INFO: - Train metrics: accuracy: 0.862 ; loss: 0.372
2020-10-31 23:43:59,833:INFO: - Eval metrics : accuracy: 0.865 ; loss: 0.847
2020-10-31 23:43:59,899:INFO: Epoch 46/100
2020-10-31 23:44:30,690:INFO: - Train metrics: accuracy: 0.857 ; loss: 0.326
2020-10-31 23:44:32,171:INFO: - Eval metrics : accuracy: 0.866 ; loss: 0.779
2020-10-31 23:44:32,241:INFO: - Found new best accuracy
2020-10-31 23:44:32,241:INFO: Epoch 47/100
2020-10-31 23:45:03,398:INFO: - Train metrics: accuracy: 0.866 ; loss: 0.299
2020-10-31 23:45:04,897:INFO: - Eval metrics : accuracy: 0.863 ; loss: 0.839
2020-10-31 23:45:04,964:INFO: Epoch 48/100
2020-10-31 23:45:36,053:INFO: - Train metrics: accuracy: 0.862 ; loss: 0.372
2020-10-31 23:45:37,535:INFO: - Eval metrics : accuracy: 0.864 ; loss: 0.851
2020-10-31 23:45:37,612:INFO: Epoch 49/100
2020-10-31 23:46:08,619:INFO: - Train metrics: accuracy: 0.857 ; loss: 0.343
2020-10-31 23:46:10,115:INFO: - Eval metrics : accuracy: 0.864 ; loss: 0.807
2020-10-31 23:46:10,182:INFO: Epoch 50/100
2020-10-31 23:46:41,394:INFO: - Train metrics: accuracy: 0.853 ; loss: 0.374
2020-10-31 23:46:42,881:INFO: - Eval metrics : accuracy: 0.863 ; loss: 0.828
2020-10-31 23:46:42,960:INFO: Epoch 51/100
2020-10-31 23:47:14,047:INFO: - Train metrics: accuracy: 0.857 ; loss: 0.331
2020-10-31 23:47:15,545:INFO: - Eval metrics : accuracy: 0.862 ; loss: 0.828
2020-10-31 23:47:15,614:INFO: Epoch 52/100
2020-10-31 23:47:46,628:INFO: - Train metrics: accuracy: 0.871 ; loss: 0.336
2020-10-31 23:47:48,109:INFO: - Eval metrics : accuracy: 0.863 ; loss: 0.827
2020-10-31 23:47:48,183:INFO: Epoch 53/100
2020-10-31 23:48:19,206:INFO: - Train metrics: accuracy: 0.866 ; loss: 0.359
2020-10-31 23:48:20,703:INFO: - Eval metrics : accuracy: 0.863 ; loss: 0.849
2020-10-31 23:48:20,774:INFO: Epoch 54/100
2020-10-31 23:48:51,818:INFO: - Train metrics: accuracy: 0.902 ; loss: 0.268
2020-10-31 23:48:53,300:INFO: - Eval metrics : accuracy: 0.862 ; loss: 0.861
2020-10-31 23:48:53,367:INFO: Epoch 55/100
2020-10-31 23:49:24,646:INFO: - Train metrics: accuracy: 0.871 ; loss: 0.383
2020-10-31 23:49:26,142:INFO: - Eval metrics : accuracy: 0.861 ; loss: 0.815
2020-10-31 23:49:26,212:INFO: Epoch 56/100
2020-10-31 23:49:57,363:INFO: - Train metrics: accuracy: 0.866 ; loss: 0.321
2020-10-31 23:49:58,846:INFO: - Eval metrics : accuracy: 0.862 ; loss: 0.824
2020-10-31 23:49:58,959:INFO: Epoch 57/100
2020-10-31 23:50:29,933:INFO: - Train metrics: accuracy: 0.848 ; loss: 0.363
2020-10-31 23:50:31,429:INFO: - Eval metrics : accuracy: 0.864 ; loss: 0.833
2020-10-31 23:50:31,486:INFO: Epoch 58/100
2020-10-31 23:51:02,663:INFO: - Train metrics: accuracy: 0.866 ; loss: 0.362
2020-10-31 23:51:04,144:INFO: - Eval metrics : accuracy: 0.862 ; loss: 0.836
2020-10-31 23:51:04,220:INFO: Epoch 59/100
2020-10-31 23:51:35,345:INFO: - Train metrics: accuracy: 0.866 ; loss: 0.294
2020-10-31 23:51:36,842:INFO: - Eval metrics : accuracy: 0.864 ; loss: 0.829
2020-10-31 23:51:36,905:INFO: Epoch 60/100
2020-10-31 23:52:07,830:INFO: - Train metrics: accuracy: 0.844 ; loss: 0.347
2020-10-31 23:52:09,311:INFO: - Eval metrics : accuracy: 0.863 ; loss: 0.821
2020-10-31 23:52:09,392:INFO: Epoch 61/100
2020-10-31 23:52:40,648:INFO: - Train metrics: accuracy: 0.884 ; loss: 0.352
2020-10-31 23:52:42,149:INFO: - Eval metrics : accuracy: 0.863 ; loss: 0.826
2020-10-31 23:52:42,217:INFO: Epoch 62/100
2020-10-31 23:53:13,066:INFO: - Train metrics: accuracy: 0.879 ; loss: 0.322
2020-10-31 23:53:14,546:INFO: - Eval metrics : accuracy: 0.863 ; loss: 0.823
2020-10-31 23:53:14,615:INFO: Epoch 63/100
2020-10-31 23:53:45,868:INFO: - Train metrics: accuracy: 0.884 ; loss: 0.284
2020-10-31 23:53:47,366:INFO: - Eval metrics : accuracy: 0.863 ; loss: 0.822
2020-10-31 23:53:47,435:INFO: Epoch 64/100
2020-10-31 23:54:18,632:INFO: - Train metrics: accuracy: 0.888 ; loss: 0.328
2020-10-31 23:54:20,112:INFO: - Eval metrics : accuracy: 0.862 ; loss: 0.824
2020-10-31 23:54:20,178:INFO: Epoch 65/100
