2020-11-01 01:11:28,832:INFO: Loading the datasets...
2020-11-01 01:11:33,908:INFO: - done.
2020-11-01 01:11:36,536:INFO: Starting training for 100 epoch(s)
2020-11-01 01:11:36,536:INFO: Epoch 1/100
2020-11-01 01:12:08,788:INFO: - Train metrics: accuracy: 0.531 ; loss: 0.688
2020-11-01 01:12:10,365:INFO: - Eval metrics : accuracy: 0.643 ; loss: 0.670
2020-11-01 01:12:10,459:INFO: - Found new best accuracy
2020-11-01 01:12:10,464:INFO: Epoch 2/100
2020-11-01 01:12:41,586:INFO: - Train metrics: accuracy: 0.607 ; loss: 0.674
2020-11-01 01:12:43,075:INFO: - Eval metrics : accuracy: 0.676 ; loss: 0.839
2020-11-01 01:12:43,158:INFO: - Found new best accuracy
2020-11-01 01:12:43,158:INFO: Epoch 3/100
2020-11-01 01:13:14,275:INFO: - Train metrics: accuracy: 0.746 ; loss: 0.577
2020-11-01 01:13:15,779:INFO: - Eval metrics : accuracy: 0.682 ; loss: 0.920
2020-11-01 01:13:15,858:INFO: - Found new best accuracy
2020-11-01 01:13:15,858:INFO: Epoch 4/100
2020-11-01 01:13:47,476:INFO: - Train metrics: accuracy: 0.665 ; loss: 0.572
2020-11-01 01:13:49,017:INFO: - Eval metrics : accuracy: 0.737 ; loss: 0.692
2020-11-01 01:13:49,137:INFO: - Found new best accuracy
2020-11-01 01:13:49,137:INFO: Epoch 5/100
2020-11-01 01:14:20,903:INFO: - Train metrics: accuracy: 0.746 ; loss: 0.552
2020-11-01 01:14:22,437:INFO: - Eval metrics : accuracy: 0.695 ; loss: 0.858
2020-11-01 01:14:22,515:INFO: Epoch 6/100
2020-11-01 01:14:53,772:INFO: - Train metrics: accuracy: 0.808 ; loss: 0.479
2020-11-01 01:14:55,260:INFO: - Eval metrics : accuracy: 0.771 ; loss: 0.764
2020-11-01 01:14:55,359:INFO: - Found new best accuracy
2020-11-01 01:14:55,363:INFO: Epoch 7/100
2020-11-01 01:15:26,601:INFO: - Train metrics: accuracy: 0.777 ; loss: 0.488
2020-11-01 01:15:28,088:INFO: - Eval metrics : accuracy: 0.787 ; loss: 0.683
2020-11-01 01:15:28,188:INFO: - Found new best accuracy
2020-11-01 01:15:28,190:INFO: Epoch 8/100
2020-11-01 01:15:59,366:INFO: - Train metrics: accuracy: 0.786 ; loss: 0.516
2020-11-01 01:16:00,854:INFO: - Eval metrics : accuracy: 0.745 ; loss: 0.888
2020-11-01 01:16:00,936:INFO: Epoch 9/100
2020-11-01 01:16:32,040:INFO: - Train metrics: accuracy: 0.768 ; loss: 0.534
2020-11-01 01:16:33,527:INFO: - Eval metrics : accuracy: 0.793 ; loss: 0.699
2020-11-01 01:16:33,619:INFO: - Found new best accuracy
2020-11-01 01:16:33,621:INFO: Epoch 10/100
2020-11-01 01:17:04,620:INFO: - Train metrics: accuracy: 0.750 ; loss: 0.520
2020-11-01 01:17:06,108:INFO: - Eval metrics : accuracy: 0.809 ; loss: 0.627
2020-11-01 01:17:06,213:INFO: - Found new best accuracy
2020-11-01 01:17:06,213:INFO: Epoch 11/100
2020-11-01 01:17:37,390:INFO: - Train metrics: accuracy: 0.821 ; loss: 0.472
2020-11-01 01:17:38,877:INFO: - Eval metrics : accuracy: 0.782 ; loss: 0.722
2020-11-01 01:17:38,944:INFO: Epoch 12/100
2020-11-01 01:18:10,103:INFO: - Train metrics: accuracy: 0.790 ; loss: 0.517
2020-11-01 01:18:11,591:INFO: - Eval metrics : accuracy: 0.799 ; loss: 0.625
2020-11-01 01:18:11,665:INFO: Epoch 13/100
2020-11-01 01:18:42,584:INFO: - Train metrics: accuracy: 0.799 ; loss: 0.470
2020-11-01 01:18:44,072:INFO: - Eval metrics : accuracy: 0.811 ; loss: 0.702
2020-11-01 01:18:44,163:INFO: - Found new best accuracy
2020-11-01 01:18:44,164:INFO: Epoch 14/100
2020-11-01 01:19:15,203:INFO: - Train metrics: accuracy: 0.817 ; loss: 0.402
2020-11-01 01:19:16,699:INFO: - Eval metrics : accuracy: 0.815 ; loss: 0.691
2020-11-01 01:19:16,777:INFO: - Found new best accuracy
2020-11-01 01:19:16,778:INFO: Epoch 15/100
2020-11-01 01:19:47,838:INFO: - Train metrics: accuracy: 0.808 ; loss: 0.464
2020-11-01 01:19:49,324:INFO: - Eval metrics : accuracy: 0.817 ; loss: 0.668
2020-11-01 01:19:49,412:INFO: - Found new best accuracy
2020-11-01 01:19:49,412:INFO: Epoch 16/100
2020-11-01 01:20:20,335:INFO: - Train metrics: accuracy: 0.817 ; loss: 0.429
2020-11-01 01:20:21,824:INFO: - Eval metrics : accuracy: 0.823 ; loss: 0.667
2020-11-01 01:20:21,916:INFO: - Found new best accuracy
2020-11-01 01:20:21,917:INFO: Epoch 17/100
2020-11-01 01:20:52,866:INFO: - Train metrics: accuracy: 0.839 ; loss: 0.421
2020-11-01 01:20:54,352:INFO: - Eval metrics : accuracy: 0.827 ; loss: 0.678
2020-11-01 01:20:54,442:INFO: - Found new best accuracy
2020-11-01 01:20:54,443:INFO: Epoch 18/100
2020-11-01 01:21:25,602:INFO: - Train metrics: accuracy: 0.799 ; loss: 0.487
2020-11-01 01:21:27,090:INFO: - Eval metrics : accuracy: 0.820 ; loss: 0.785
2020-11-01 01:21:27,157:INFO: Epoch 19/100
2020-11-01 01:21:58,059:INFO: - Train metrics: accuracy: 0.835 ; loss: 0.404
2020-11-01 01:21:59,546:INFO: - Eval metrics : accuracy: 0.830 ; loss: 0.655
2020-11-01 01:21:59,621:INFO: - Found new best accuracy
2020-11-01 01:21:59,622:INFO: Epoch 20/100
2020-11-01 01:22:30,448:INFO: - Train metrics: accuracy: 0.893 ; loss: 0.328
2020-11-01 01:22:31,935:INFO: - Eval metrics : accuracy: 0.830 ; loss: 0.771
2020-11-01 01:22:32,037:INFO: - Found new best accuracy
2020-11-01 01:22:32,038:INFO: Epoch 21/100
2020-11-01 01:23:02,904:INFO: - Train metrics: accuracy: 0.844 ; loss: 0.393
2020-11-01 01:23:04,391:INFO: - Eval metrics : accuracy: 0.836 ; loss: 0.646
2020-11-01 01:23:04,476:INFO: - Found new best accuracy
2020-11-01 01:23:04,477:INFO: Epoch 22/100
2020-11-01 01:23:35,387:INFO: - Train metrics: accuracy: 0.844 ; loss: 0.450
2020-11-01 01:23:36,872:INFO: - Eval metrics : accuracy: 0.837 ; loss: 0.639
2020-11-01 01:23:36,960:INFO: - Found new best accuracy
2020-11-01 01:23:36,961:INFO: Epoch 23/100
2020-11-01 01:24:08,058:INFO: - Train metrics: accuracy: 0.875 ; loss: 0.357
2020-11-01 01:24:09,545:INFO: - Eval metrics : accuracy: 0.842 ; loss: 0.614
2020-11-01 01:24:09,624:INFO: - Found new best accuracy
2020-11-01 01:24:09,625:INFO: Epoch 24/100
2020-11-01 01:24:40,484:INFO: - Train metrics: accuracy: 0.884 ; loss: 0.365
2020-11-01 01:24:41,969:INFO: - Eval metrics : accuracy: 0.839 ; loss: 0.595
2020-11-01 01:24:42,055:INFO: Epoch 25/100
2020-11-01 01:25:13,040:INFO: - Train metrics: accuracy: 0.862 ; loss: 0.348
2020-11-01 01:25:14,526:INFO: - Eval metrics : accuracy: 0.839 ; loss: 0.626
2020-11-01 01:25:14,587:INFO: Epoch 26/100
2020-11-01 01:25:45,675:INFO: - Train metrics: accuracy: 0.799 ; loss: 0.472
2020-11-01 01:25:47,163:INFO: - Eval metrics : accuracy: 0.842 ; loss: 0.604
2020-11-01 01:25:47,246:INFO: - Found new best accuracy
2020-11-01 01:25:47,247:INFO: Epoch 27/100
2020-11-01 01:26:18,345:INFO: - Train metrics: accuracy: 0.857 ; loss: 0.378
2020-11-01 01:26:19,831:INFO: - Eval metrics : accuracy: 0.841 ; loss: 0.634
2020-11-01 01:26:19,901:INFO: Epoch 28/100
2020-11-01 01:26:50,779:INFO: - Train metrics: accuracy: 0.826 ; loss: 0.459
2020-11-01 01:26:52,265:INFO: - Eval metrics : accuracy: 0.845 ; loss: 0.614
2020-11-01 01:26:52,353:INFO: - Found new best accuracy
2020-11-01 01:26:52,353:INFO: Epoch 29/100
2020-11-01 01:27:23,612:INFO: - Train metrics: accuracy: 0.830 ; loss: 0.389
2020-11-01 01:27:25,099:INFO: - Eval metrics : accuracy: 0.838 ; loss: 0.578
2020-11-01 01:27:25,169:INFO: Epoch 30/100
2020-11-01 01:27:56,236:INFO: - Train metrics: accuracy: 0.799 ; loss: 0.405
2020-11-01 01:27:57,725:INFO: - Eval metrics : accuracy: 0.841 ; loss: 0.695
2020-11-01 01:27:57,803:INFO: Epoch 31/100
2020-11-01 01:28:28,929:INFO: - Train metrics: accuracy: 0.857 ; loss: 0.382
2020-11-01 01:28:30,416:INFO: - Eval metrics : accuracy: 0.843 ; loss: 0.576
2020-11-01 01:28:30,491:INFO: Epoch 32/100
2020-11-01 01:29:01,681:INFO: - Train metrics: accuracy: 0.817 ; loss: 0.429
2020-11-01 01:29:03,166:INFO: - Eval metrics : accuracy: 0.844 ; loss: 0.659
2020-11-01 01:29:03,233:INFO: Epoch 33/100
2020-11-01 01:29:34,493:INFO: - Train metrics: accuracy: 0.808 ; loss: 0.402
2020-11-01 01:29:35,979:INFO: - Eval metrics : accuracy: 0.841 ; loss: 0.663
2020-11-01 01:29:36,056:INFO: Epoch 34/100
2020-11-01 01:30:07,012:INFO: - Train metrics: accuracy: 0.812 ; loss: 0.445
2020-11-01 01:30:08,500:INFO: - Eval metrics : accuracy: 0.842 ; loss: 0.645
2020-11-01 01:30:08,569:INFO: Epoch 35/100
2020-11-01 01:30:39,388:INFO: - Train metrics: accuracy: 0.795 ; loss: 0.409
2020-11-01 01:30:40,875:INFO: - Eval metrics : accuracy: 0.845 ; loss: 0.578
2020-11-01 01:30:40,958:INFO: - Found new best accuracy
2020-11-01 01:30:40,958:INFO: Epoch 36/100
2020-11-01 01:31:12,061:INFO: - Train metrics: accuracy: 0.853 ; loss: 0.428
2020-11-01 01:31:13,548:INFO: - Eval metrics : accuracy: 0.845 ; loss: 0.575
2020-11-01 01:31:13,630:INFO: - Found new best accuracy
2020-11-01 01:31:13,631:INFO: Epoch 37/100
2020-11-01 01:31:44,609:INFO: - Train metrics: accuracy: 0.866 ; loss: 0.386
2020-11-01 01:31:46,099:INFO: - Eval metrics : accuracy: 0.842 ; loss: 0.619
2020-11-01 01:31:46,194:INFO: Epoch 38/100
2020-11-01 01:32:17,228:INFO: - Train metrics: accuracy: 0.871 ; loss: 0.357
2020-11-01 01:32:18,718:INFO: - Eval metrics : accuracy: 0.846 ; loss: 0.515
2020-11-01 01:32:18,815:INFO: - Found new best accuracy
2020-11-01 01:32:18,816:INFO: Epoch 39/100
2020-11-01 01:32:49,998:INFO: - Train metrics: accuracy: 0.848 ; loss: 0.375
2020-11-01 01:32:51,487:INFO: - Eval metrics : accuracy: 0.843 ; loss: 0.616
2020-11-01 01:32:51,554:INFO: Epoch 40/100
2020-11-01 01:33:22,813:INFO: - Train metrics: accuracy: 0.866 ; loss: 0.335
2020-11-01 01:33:24,302:INFO: - Eval metrics : accuracy: 0.842 ; loss: 0.646
2020-11-01 01:33:24,356:INFO: Epoch 41/100
2020-11-01 01:33:55,157:INFO: - Train metrics: accuracy: 0.821 ; loss: 0.396
2020-11-01 01:33:56,647:INFO: - Eval metrics : accuracy: 0.844 ; loss: 0.633
2020-11-01 01:33:56,711:INFO: Epoch 42/100
2020-11-01 01:34:27,795:INFO: - Train metrics: accuracy: 0.866 ; loss: 0.371
2020-11-01 01:34:29,285:INFO: - Eval metrics : accuracy: 0.843 ; loss: 0.624
2020-11-01 01:34:29,358:INFO: Epoch 43/100
2020-11-01 01:35:00,535:INFO: - Train metrics: accuracy: 0.866 ; loss: 0.355
2020-11-01 01:35:02,024:INFO: - Eval metrics : accuracy: 0.843 ; loss: 0.613
2020-11-01 01:35:02,111:INFO: Epoch 44/100
2020-11-01 01:35:33,261:INFO: - Train metrics: accuracy: 0.835 ; loss: 0.365
2020-11-01 01:35:34,752:INFO: - Eval metrics : accuracy: 0.843 ; loss: 0.619
2020-11-01 01:35:34,857:INFO: Epoch 45/100
2020-11-01 01:36:06,211:INFO: - Train metrics: accuracy: 0.839 ; loss: 0.356
2020-11-01 01:36:07,700:INFO: - Eval metrics : accuracy: 0.844 ; loss: 0.619
2020-11-01 01:36:07,765:INFO: Epoch 46/100
2020-11-01 01:36:38,921:INFO: - Train metrics: accuracy: 0.862 ; loss: 0.354
2020-11-01 01:36:40,412:INFO: - Eval metrics : accuracy: 0.844 ; loss: 0.595
2020-11-01 01:36:40,512:INFO: Epoch 47/100
2020-11-01 01:37:11,605:INFO: - Train metrics: accuracy: 0.879 ; loss: 0.356
2020-11-01 01:37:13,095:INFO: - Eval metrics : accuracy: 0.844 ; loss: 0.587
2020-11-01 01:37:13,169:INFO: Epoch 48/100
2020-11-01 01:37:44,420:INFO: - Train metrics: accuracy: 0.812 ; loss: 0.382
2020-11-01 01:37:45,922:INFO: - Eval metrics : accuracy: 0.843 ; loss: 0.590
2020-11-01 01:37:45,976:INFO: Epoch 49/100
2020-11-01 01:38:17,046:INFO: - Train metrics: accuracy: 0.826 ; loss: 0.391
2020-11-01 01:38:18,542:INFO: - Eval metrics : accuracy: 0.844 ; loss: 0.624
2020-11-01 01:38:18,608:INFO: Epoch 50/100
2020-11-01 01:38:49,706:INFO: - Train metrics: accuracy: 0.857 ; loss: 0.329
2020-11-01 01:38:51,206:INFO: - Eval metrics : accuracy: 0.844 ; loss: 0.623
2020-11-01 01:38:51,296:INFO: Epoch 51/100
2020-11-01 01:39:22,445:INFO: - Train metrics: accuracy: 0.817 ; loss: 0.398
2020-11-01 01:39:23,936:INFO: - Eval metrics : accuracy: 0.843 ; loss: 0.593
2020-11-01 01:39:24,010:INFO: Epoch 52/100
2020-11-01 01:39:55,288:INFO: - Train metrics: accuracy: 0.821 ; loss: 0.384
2020-11-01 01:39:56,791:INFO: - Eval metrics : accuracy: 0.844 ; loss: 0.613
2020-11-01 01:39:56,855:INFO: Epoch 53/100
