2020-11-01 01:58:47,044:INFO: Loading the datasets...
2020-11-01 01:58:50,406:INFO: - done.
2020-11-01 01:58:53,030:INFO: Starting training for 100 epoch(s)
2020-11-01 01:58:53,031:INFO: Epoch 1/100
2020-11-01 01:59:25,221:INFO: - Train metrics: accuracy: 0.549 ; loss: 0.684
2020-11-01 01:59:26,767:INFO: - Eval metrics : accuracy: 0.660 ; loss: 0.629
2020-11-01 01:59:26,860:INFO: - Found new best accuracy
2020-11-01 01:59:26,867:INFO: Epoch 2/100
2020-11-01 01:59:58,462:INFO: - Train metrics: accuracy: 0.665 ; loss: 0.610
2020-11-01 01:59:59,951:INFO: - Eval metrics : accuracy: 0.735 ; loss: 0.561
2020-11-01 01:00:00,050:INFO: - Found new best accuracy
2020-11-01 01:00:00,051:INFO: Epoch 3/100
2020-11-01 01:00:31,500:INFO: - Train metrics: accuracy: 0.768 ; loss: 0.542
2020-11-01 01:00:32,987:INFO: - Eval metrics : accuracy: 0.760 ; loss: 0.650
2020-11-01 01:00:33,081:INFO: - Found new best accuracy
2020-11-01 01:00:33,082:INFO: Epoch 4/100
2020-11-01 01:01:04,652:INFO: - Train metrics: accuracy: 0.737 ; loss: 0.559
2020-11-01 01:01:06,138:INFO: - Eval metrics : accuracy: 0.791 ; loss: 0.610
2020-11-01 01:01:06,236:INFO: - Found new best accuracy
2020-11-01 01:01:06,237:INFO: Epoch 5/100
2020-11-01 01:01:38,023:INFO: - Train metrics: accuracy: 0.786 ; loss: 0.508
2020-11-01 01:01:39,511:INFO: - Eval metrics : accuracy: 0.797 ; loss: 0.597
2020-11-01 01:01:39,602:INFO: - Found new best accuracy
2020-11-01 01:01:39,603:INFO: Epoch 6/100
2020-11-01 01:02:11,062:INFO: - Train metrics: accuracy: 0.781 ; loss: 0.490
2020-11-01 01:02:12,556:INFO: - Eval metrics : accuracy: 0.811 ; loss: 0.650
2020-11-01 01:02:12,637:INFO: - Found new best accuracy
2020-11-01 01:02:12,638:INFO: Epoch 7/100
2020-11-01 01:02:44,343:INFO: - Train metrics: accuracy: 0.763 ; loss: 0.498
2020-11-01 01:02:45,834:INFO: - Eval metrics : accuracy: 0.752 ; loss: 0.838
2020-11-01 01:02:45,909:INFO: Epoch 8/100
2020-11-01 01:03:17,594:INFO: - Train metrics: accuracy: 0.795 ; loss: 0.482
2020-11-01 01:03:19,085:INFO: - Eval metrics : accuracy: 0.776 ; loss: 0.654
2020-11-01 01:03:19,197:INFO: Epoch 9/100
2020-11-01 01:03:51,123:INFO: - Train metrics: accuracy: 0.786 ; loss: 0.475
2020-11-01 01:03:52,626:INFO: - Eval metrics : accuracy: 0.829 ; loss: 0.526
2020-11-01 01:03:52,713:INFO: - Found new best accuracy
2020-11-01 01:03:52,714:INFO: Epoch 10/100
2020-11-01 01:04:24,832:INFO: - Train metrics: accuracy: 0.835 ; loss: 0.404
2020-11-01 01:04:26,342:INFO: - Eval metrics : accuracy: 0.836 ; loss: 0.571
2020-11-01 01:04:26,425:INFO: - Found new best accuracy
2020-11-01 01:04:26,426:INFO: Epoch 11/100
2020-11-01 01:04:58,149:INFO: - Train metrics: accuracy: 0.821 ; loss: 0.454
2020-11-01 01:04:59,644:INFO: - Eval metrics : accuracy: 0.833 ; loss: 0.566
2020-11-01 01:04:59,715:INFO: Epoch 12/100
2020-11-01 01:05:31,423:INFO: - Train metrics: accuracy: 0.848 ; loss: 0.382
2020-11-01 01:05:32,921:INFO: - Eval metrics : accuracy: 0.786 ; loss: 0.709
2020-11-01 01:05:32,982:INFO: Epoch 13/100
2020-11-01 01:06:04,703:INFO: - Train metrics: accuracy: 0.835 ; loss: 0.453
2020-11-01 01:06:06,207:INFO: - Eval metrics : accuracy: 0.835 ; loss: 0.558
2020-11-01 01:06:06,289:INFO: Epoch 14/100
2020-11-01 01:06:37,486:INFO: - Train metrics: accuracy: 0.839 ; loss: 0.372
2020-11-01 01:06:39,006:INFO: - Eval metrics : accuracy: 0.829 ; loss: 0.661
2020-11-01 01:06:39,074:INFO: Epoch 15/100
2020-11-01 01:07:10,740:INFO: - Train metrics: accuracy: 0.804 ; loss: 0.431
2020-11-01 01:07:12,241:INFO: - Eval metrics : accuracy: 0.819 ; loss: 0.699
2020-11-01 01:07:12,323:INFO: Epoch 16/100
2020-11-01 01:07:43,694:INFO: - Train metrics: accuracy: 0.835 ; loss: 0.426
2020-11-01 01:07:45,200:INFO: - Eval metrics : accuracy: 0.826 ; loss: 0.620
2020-11-01 01:07:45,292:INFO: Epoch 17/100
2020-11-01 01:08:16,720:INFO: - Train metrics: accuracy: 0.821 ; loss: 0.397
2020-11-01 01:08:18,220:INFO: - Eval metrics : accuracy: 0.850 ; loss: 0.532
2020-11-01 01:08:18,303:INFO: - Found new best accuracy
2020-11-01 01:08:18,305:INFO: Epoch 18/100
2020-11-01 01:08:49,593:INFO: - Train metrics: accuracy: 0.875 ; loss: 0.357
2020-11-01 01:08:51,093:INFO: - Eval metrics : accuracy: 0.823 ; loss: 0.781
2020-11-01 01:08:51,149:INFO: Epoch 19/100
2020-11-01 01:09:22,429:INFO: - Train metrics: accuracy: 0.844 ; loss: 0.383
2020-11-01 01:09:23,922:INFO: - Eval metrics : accuracy: 0.860 ; loss: 0.441
2020-11-01 01:09:24,009:INFO: - Found new best accuracy
2020-11-01 01:09:24,010:INFO: Epoch 20/100
2020-11-01 01:09:55,632:INFO: - Train metrics: accuracy: 0.821 ; loss: 0.394
2020-11-01 01:09:57,143:INFO: - Eval metrics : accuracy: 0.829 ; loss: 0.860
2020-11-01 01:09:57,213:INFO: Epoch 21/100
2020-11-01 01:10:28,575:INFO: - Train metrics: accuracy: 0.830 ; loss: 0.404
2020-11-01 01:10:30,078:INFO: - Eval metrics : accuracy: 0.858 ; loss: 0.621
2020-11-01 01:10:30,143:INFO: Epoch 22/100
2020-11-01 01:11:01,857:INFO: - Train metrics: accuracy: 0.893 ; loss: 0.349
2020-11-01 01:11:03,358:INFO: - Eval metrics : accuracy: 0.856 ; loss: 0.612
2020-11-01 01:11:03,422:INFO: Epoch 23/100
2020-11-01 01:11:35,276:INFO: - Train metrics: accuracy: 0.862 ; loss: 0.362
2020-11-01 01:11:36,794:INFO: - Eval metrics : accuracy: 0.857 ; loss: 0.592
2020-11-01 01:11:36,866:INFO: Epoch 24/100
2020-11-01 01:12:08,763:INFO: - Train metrics: accuracy: 0.844 ; loss: 0.357
2020-11-01 01:12:10,294:INFO: - Eval metrics : accuracy: 0.859 ; loss: 0.621
2020-11-01 01:12:10,361:INFO: Epoch 25/100
2020-11-01 01:12:42,607:INFO: - Train metrics: accuracy: 0.853 ; loss: 0.345
2020-11-01 01:12:44,136:INFO: - Eval metrics : accuracy: 0.858 ; loss: 0.641
2020-11-01 01:12:44,270:INFO: Epoch 26/100
2020-11-01 01:13:16,336:INFO: - Train metrics: accuracy: 0.862 ; loss: 0.377
2020-11-01 01:13:17,850:INFO: - Eval metrics : accuracy: 0.860 ; loss: 0.575
2020-11-01 01:13:17,918:INFO: Epoch 27/100
2020-11-01 01:13:49,524:INFO: - Train metrics: accuracy: 0.893 ; loss: 0.305
2020-11-01 01:13:51,036:INFO: - Eval metrics : accuracy: 0.862 ; loss: 0.590
2020-11-01 01:13:51,121:INFO: - Found new best accuracy
2020-11-01 01:13:51,124:INFO: Epoch 28/100
2020-11-01 01:14:22,775:INFO: - Train metrics: accuracy: 0.844 ; loss: 0.331
2020-11-01 01:14:24,280:INFO: - Eval metrics : accuracy: 0.854 ; loss: 0.703
2020-11-01 01:14:24,353:INFO: Epoch 29/100
2020-11-01 01:14:56,295:INFO: - Train metrics: accuracy: 0.888 ; loss: 0.321
2020-11-01 01:14:57,791:INFO: - Eval metrics : accuracy: 0.861 ; loss: 0.670
2020-11-01 01:14:57,866:INFO: Epoch 30/100
2020-11-01 01:15:29,743:INFO: - Train metrics: accuracy: 0.866 ; loss: 0.336
2020-11-01 01:15:31,236:INFO: - Eval metrics : accuracy: 0.860 ; loss: 0.675
2020-11-01 01:15:31,318:INFO: Epoch 31/100
2020-11-01 01:16:02,913:INFO: - Train metrics: accuracy: 0.893 ; loss: 0.343
2020-11-01 01:16:04,406:INFO: - Eval metrics : accuracy: 0.863 ; loss: 0.615
2020-11-01 01:16:04,505:INFO: - Found new best accuracy
2020-11-01 01:16:04,507:INFO: Epoch 32/100
2020-11-01 01:16:36,093:INFO: - Train metrics: accuracy: 0.862 ; loss: 0.329
2020-11-01 01:16:37,587:INFO: - Eval metrics : accuracy: 0.860 ; loss: 0.677
2020-11-01 01:16:37,662:INFO: Epoch 33/100
2020-11-01 01:17:09,487:INFO: - Train metrics: accuracy: 0.871 ; loss: 0.350
2020-11-01 01:17:10,979:INFO: - Eval metrics : accuracy: 0.844 ; loss: 0.538
2020-11-01 01:17:11,060:INFO: Epoch 34/100
2020-11-01 01:17:42,947:INFO: - Train metrics: accuracy: 0.830 ; loss: 0.382
2020-11-01 01:17:44,442:INFO: - Eval metrics : accuracy: 0.858 ; loss: 0.621
2020-11-01 01:17:44,510:INFO: Epoch 35/100
2020-11-01 01:18:16,325:INFO: - Train metrics: accuracy: 0.866 ; loss: 0.331
2020-11-01 01:18:17,818:INFO: - Eval metrics : accuracy: 0.858 ; loss: 0.612
2020-11-01 01:18:17,908:INFO: Epoch 36/100
2020-11-01 01:18:49,613:INFO: - Train metrics: accuracy: 0.835 ; loss: 0.373
2020-11-01 01:18:51,105:INFO: - Eval metrics : accuracy: 0.860 ; loss: 0.628
2020-11-01 01:18:51,177:INFO: Epoch 37/100
2020-11-01 01:19:22,888:INFO: - Train metrics: accuracy: 0.853 ; loss: 0.363
2020-11-01 01:19:24,383:INFO: - Eval metrics : accuracy: 0.863 ; loss: 0.672
2020-11-01 01:19:24,452:INFO: Epoch 38/100
2020-11-01 01:19:55,926:INFO: - Train metrics: accuracy: 0.848 ; loss: 0.380
2020-11-01 01:19:57,418:INFO: - Eval metrics : accuracy: 0.862 ; loss: 0.581
2020-11-01 01:19:57,491:INFO: Epoch 39/100
2020-11-01 01:20:29,001:INFO: - Train metrics: accuracy: 0.821 ; loss: 0.403
2020-11-01 01:20:30,493:INFO: - Eval metrics : accuracy: 0.856 ; loss: 0.741
2020-11-01 01:20:30,562:INFO: Epoch 40/100
2020-11-01 01:21:02,100:INFO: - Train metrics: accuracy: 0.839 ; loss: 0.355
2020-11-01 01:21:03,592:INFO: - Eval metrics : accuracy: 0.858 ; loss: 0.664
2020-11-01 01:21:03,670:INFO: Epoch 41/100
2020-11-01 01:21:35,582:INFO: - Train metrics: accuracy: 0.844 ; loss: 0.361
2020-11-01 01:21:37,072:INFO: - Eval metrics : accuracy: 0.858 ; loss: 0.691
2020-11-01 01:21:37,196:INFO: Epoch 42/100
2020-11-01 01:22:08,759:INFO: - Train metrics: accuracy: 0.871 ; loss: 0.326
2020-11-01 01:22:10,256:INFO: - Eval metrics : accuracy: 0.857 ; loss: 0.702
2020-11-01 01:22:10,334:INFO: Epoch 43/100
2020-11-01 01:22:41,937:INFO: - Train metrics: accuracy: 0.871 ; loss: 0.357
2020-11-01 01:22:43,428:INFO: - Eval metrics : accuracy: 0.857 ; loss: 0.694
2020-11-01 01:22:43,496:INFO: Epoch 44/100
2020-11-01 01:23:15,190:INFO: - Train metrics: accuracy: 0.835 ; loss: 0.390
2020-11-01 01:23:16,682:INFO: - Eval metrics : accuracy: 0.857 ; loss: 0.700
2020-11-01 01:23:16,751:INFO: Epoch 45/100
2020-11-01 01:23:48,276:INFO: - Train metrics: accuracy: 0.862 ; loss: 0.344
2020-11-01 01:23:49,768:INFO: - Eval metrics : accuracy: 0.857 ; loss: 0.697
2020-11-01 01:23:49,843:INFO: Epoch 46/100
2020-11-01 01:24:21,486:INFO: - Train metrics: accuracy: 0.848 ; loss: 0.368
2020-11-01 01:24:22,977:INFO: - Eval metrics : accuracy: 0.861 ; loss: 0.667
2020-11-01 01:24:23,046:INFO: Epoch 47/100
2020-11-01 01:24:54,758:INFO: - Train metrics: accuracy: 0.862 ; loss: 0.346
2020-11-01 01:24:56,252:INFO: - Eval metrics : accuracy: 0.859 ; loss: 0.695
2020-11-01 01:24:56,321:INFO: Epoch 48/100
